2022-12-03 12:51:30,816 INFO autoreload Watching for file changes with StatReloader
2022-12-03 12:51:52,144 WARNING log Not Found: /
2022-12-03 12:51:52,144 WARNING basehttp "GET / HTTP/1.1" 404 3639
2022-12-03 13:02:38,685 INFO autoreload Watching for file changes with StatReloader
2022-12-03 13:03:09,612 INFO autoreload Watching for file changes with StatReloader
2022-12-03 13:04:17,788 INFO autoreload Watching for file changes with StatReloader
2022-12-03 13:05:34,421 INFO autoreload /home/igor/Python_projects/SF/TutorialD2/NewsPaper/NewsPaper/settings.py changed, reloading.
2022-12-03 13:05:35,405 INFO autoreload Watching for file changes with StatReloader
2022-12-03 13:08:56,414 INFO autoreload Watching for file changes with StatReloader
2022-12-03 13:12:31,356 INFO autoreload /home/igor/Python_projects/SF/TutorialD2/NewsPaper/NewsPaper/settings.py changed, reloading.
2022-12-03 13:12:51,015 INFO autoreload Watching for file changes with StatReloader
2022-12-03 13:14:11,237 INFO autoreload Watching for file changes with StatReloader
2022-12-03 13:14:27,001 WARNING log Not Found: /new/
2022-12-03 13:14:27,003 WARNING basehttp "GET /new/ HTTP/1.1" 404 3669
2022-12-03 13:20:21,063 INFO autoreload Watching for file changes with StatReloader
2022-12-03 13:21:20,438 INFO autoreload /home/igor/Python_projects/SF/TutorialD2/NewsPaper/NewsPaper/settings.py changed, reloading.
2022-12-03 13:21:21,336 INFO autoreload Watching for file changes with StatReloader
2022-12-03 13:23:27,018 INFO autoreload /home/igor/Python_projects/SF/TutorialD2/NewsPaper/NewsPaper/settings.py changed, reloading.
2022-12-03 13:23:27,904 INFO autoreload Watching for file changes with StatReloader
2022-12-03 13:25:07,376 INFO autoreload /home/igor/Python_projects/SF/TutorialD2/NewsPaper/NewsPaper/settings.py changed, reloading.
2022-12-03 13:25:08,200 INFO autoreload Watching for file changes with StatReloader
2022-12-03 13:25:28,556 INFO autoreload /home/igor/Python_projects/SF/TutorialD2/NewsPaper/NewsPaper/settings.py changed, reloading.
2022-12-03 13:25:29,414 INFO autoreload Watching for file changes with StatReloader
2022-12-03 13:28:39,463 INFO autoreload /home/igor/Python_projects/SF/TutorialD2/NewsPaper/NewsPaper/settings.py changed, reloading.
2022-12-03 13:28:39,979 INFO autoreload Watching for file changes with StatReloader
2022-12-03 13:35:23,346 INFO autoreload /home/igor/Python_projects/SF/TutorialD2/NewsPaper/NewsPaper/settings.py changed, reloading.
2022-12-03 13:35:24,277 INFO autoreload Watching for file changes with StatReloader
2022-12-03 13:36:26,365 INFO autoreload /home/igor/Python_projects/SF/TutorialD2/NewsPaper/NewsPaper/settings.py changed, reloading.
2022-12-03 13:36:27,228 INFO autoreload Watching for file changes with StatReloader
2022-12-03 13:37:51,207 INFO autoreload /home/igor/Python_projects/SF/TutorialD2/NewsPaper/NewsPaper/settings.py changed, reloading.
2022-12-03 13:37:52,436 INFO autoreload Watching for file changes with StatReloader
2022-12-03 13:38:52,651 INFO autoreload /home/igor/Python_projects/SF/TutorialD2/NewsPaper/NewsPaper/settings.py changed, reloading.
2022-12-03 13:38:53,669 INFO autoreload Watching for file changes with StatReloader
2022-12-03 13:39:37,626 INFO autoreload Watching for file changes with StatReloader
